[0m2021.03.09 18:19:59 INFO  tracing is disabled for protocol LSP, to enable tracing of incoming and outgoing JSON messages create an empty file at d:\SandersBGSU\null\scalameta\metals\cache\lsp.trace.json[0m
[0m2021.03.09 18:19:59 INFO  Starting Metals server with configuration: MetalsServerConfig(
  glob-syntax=GlobSyntaxConfig(vscode),
  status-bar=StatusBarConfig(off),
  open-files-on-rename=false,
  rename-file-threshold=300,
  slow-task=SlowTaskConfig(off),
  execute-client-command=ExecuteClientCommandConfig(off),
  compilers=PresentationCompilerConfigImpl(false,Some(editor.action.triggerParameterHints),Some(editor.action.triggerSuggest),Map(scala/collection/mutable/ -> mutable., java/util/ -> ju.),Unicode,true,true,true,true,true,true,true,scala.meta.internal.pc.PresentationCompilerConfigImpl$$$Lambda$61/1691538257@3f197a46,20,SECONDS),
  http=false,
  input-box=false,
  ask-to-reconnect=false,
  icons=vscode,
  statistics=StatisticsConfig(default),
  bloop-port=default
)[0m
[0m2021.03.09 18:20:00 INFO  logging to file D:\SandersBGSU\.metals\metals.log[0m
[0m2021.03.11 18:12:33 INFO  tracing is disabled for protocol LSP, to enable tracing of incoming and outgoing JSON messages create an empty file at d:\SandersBGSU\null\scalameta\metals\cache\lsp.trace.json[0m
[0m2021.03.11 18:12:33 INFO  Starting Metals server with configuration: MetalsServerConfig(
  glob-syntax=GlobSyntaxConfig(vscode),
  status-bar=StatusBarConfig(off),
  open-files-on-rename=false,
  rename-file-threshold=300,
  slow-task=SlowTaskConfig(off),
  execute-client-command=ExecuteClientCommandConfig(off),
  compilers=PresentationCompilerConfigImpl(false,Some(editor.action.triggerParameterHints),Some(editor.action.triggerSuggest),Map(scala/collection/mutable/ -> mutable., java/util/ -> ju.),Unicode,true,true,true,true,true,true,true,scala.meta.internal.pc.PresentationCompilerConfigImpl$$$Lambda$61/1691538257@3f197a46,20,SECONDS),
  http=false,
  input-box=false,
  ask-to-reconnect=false,
  icons=vscode,
  statistics=StatisticsConfig(default),
  bloop-port=default
)[0m
[0m2021.03.11 18:12:33 INFO  logging to file D:\SandersBGSU\.metals\metals.log[0m
